<?xml version="1.0" encoding="UTF-8"?>
<!-- Generated by org.testng.reporters.JUnitReportReporter -->
<testsuite hostname="DESKTOP-4845L2P" name="testngLearning.TestNGLearning" tests="1" failures="0" timestamp="14 Feb 2022 15:26:14 GMT" time="0.000" errors="0">
  <testcase name="test" time="0.000" classname="testngLearning.TestNGLearning"/>
</testsuite> <!-- testngLearning.TestNGLearning -->
